<?xml version="1.0" encoding="UTF-8"?>
<!-- Generated by org.testng.reporters.JUnitXMLReporter -->
<testsuite hostname="LTIN182337" ignored="0" name="Default test" tests="3" failures="0" timestamp="2021-05-15T18:19:12 IST" time="0.108" errors="0">
  <testcase name="@BeforeMethod url" time="-1.62108295196E9" classname="Test.Home_Page_Test">
    <failure type="org.testng.TestNGException" message="
Can inject only one of &amp;lt;ITestContext, XmlTest, Method, Object[], ITestResult&amp;gt; into a @BeforeMethod annotated url.
For more information on native dependency injection please refer to https://testng.org/doc/documentation-main.html#native-dependency-injection">
      <![CDATA[org.testng.TestNGException: 
Can inject only one of <ITestContext, XmlTest, Method, Object[], ITestResult> into a @BeforeMethod annotated url.
For more information on native dependency injection please refer to https://testng.org/doc/documentation-main.html#native-dependency-injection
at org.testng.internal.Parameters.checkParameterTypes(Parameters.java:439)
at org.testng.internal.Parameters.createParametersForMethod(Parameters.java:353)
at org.testng.internal.Parameters.createParameters(Parameters.java:708)
at org.testng.internal.Parameters.createConfigurationParameters(Parameters.java:168)
at org.testng.internal.ConfigInvoker.invokeConfigurations(ConfigInvoker.java:302)
at org.testng.internal.TestInvoker.runConfigMethods(TestInvoker.java:700)
at org.testng.internal.TestInvoker.invokeMethod(TestInvoker.java:527)
at org.testng.internal.TestInvoker.invokeTestMethod(TestInvoker.java:173)
at org.testng.internal.MethodRunner.runInSequence(MethodRunner.java:46)
at org.testng.internal.TestInvoker$MethodInvocationAgent.invoke(TestInvoker.java:824)
at org.testng.internal.TestInvoker.invokeTestMethods(TestInvoker.java:146)
at org.testng.internal.TestMethodWorker.invokeTestMethods(TestMethodWorker.java:146)
at org.testng.internal.TestMethodWorker.run(TestMethodWorker.java:128)
at java.util.ArrayList.forEach(Unknown Source)
at org.testng.TestRunner.privateRun(TestRunner.java:794)
at org.testng.TestRunner.run(TestRunner.java:596)
at org.testng.SuiteRunner.runTest(SuiteRunner.java:377)
at org.testng.SuiteRunner.runSequentially(SuiteRunner.java:371)
at org.testng.SuiteRunner.privateRun(SuiteRunner.java:332)
at org.testng.SuiteRunner.run(SuiteRunner.java:276)
at org.testng.SuiteRunnerWorker.runSuite(SuiteRunnerWorker.java:53)
at org.testng.SuiteRunnerWorker.run(SuiteRunnerWorker.java:96)
at org.testng.TestNG.runSuitesSequentially(TestNG.java:1212)
at org.testng.TestNG.runSuitesLocally(TestNG.java:1134)
at org.testng.TestNG.runSuites(TestNG.java:1063)
at org.testng.TestNG.run(TestNG.java:1031)
at org.testng.remote.AbstractRemoteTestNG.run(AbstractRemoteTestNG.java:115)
at org.testng.remote.RemoteTestNG.initAndRun(RemoteTestNG.java:251)
at org.testng.remote.RemoteTestNG.main(RemoteTestNG.java:77)
]]>
    </failure>
  </testcase> <!-- @BeforeMethod url -->
  <testcase name="@AfterMethod close_browser" time="-1.621082951987E9" classname="Test.Home_Page_Test">
    <skipped/>
  </testcase> <!-- @AfterMethod close_browser -->
  <testcase name="@BeforeMethod url" time="-1.621082951989E9" classname="Test.Home_Page_Test">
    <skipped/>
  </testcase> <!-- @BeforeMethod url -->
  <testcase name="@AfterMethod close_browser" time="-1.621082951998E9" classname="Test.Home_Page_Test">
    <skipped/>
  </testcase> <!-- @AfterMethod close_browser -->
  <testcase name="@BeforeMethod url" time="-1.621082952001E9" classname="Test.Home_Page_Test">
    <skipped/>
  </testcase> <!-- @BeforeMethod url -->
  <testcase name="@AfterMethod close_browser" time="-1.621082952008E9" classname="Test.Home_Page_Test">
    <skipped/>
  </testcase> <!-- @AfterMethod close_browser -->
  <testcase name="Scenario_1" time="0.0" classname="Test.Home_Page_Test">
    <skipped/>
  </testcase> <!-- Scenario_1 -->
  <testcase name="Scenario_2" time="0.0" classname="Test.Home_Page_Test">
    <skipped/>
  </testcase> <!-- Scenario_2 -->
  <testcase name="Scenario_3" time="0.0" classname="Test.Home_Page_Test">
    <skipped/>
  </testcase> <!-- Scenario_3 -->
</testsuite> <!-- Default test -->
